# JRE version: OpenJDK Runtime Environment (8.0_242-b01) (build 1.8.0_242-release-1644-b01)
# Java VM: OpenJDK 64-Bit Server VM (25.242-b01 mixed mode windows-amd64 compressed oops)
Heap:
 PSYoungGen      total 269824K, used 4422K [0x00000000d5580000, 0x00000000e7180000, 0x0000000100000000)
  eden space 248832K, 1% used [0x00000000d5580000,0x00000000d58d1a18,0x00000000e4880000)
  from space 20992K, 4% used [0x00000000e4880000,0x00000000e4980000,0x00000000e5d00000)
  to   space 12288K, 0% used [0x00000000e6580000,0x00000000e6580000,0x00000000e7180000)
 ParOldGen       total 110080K, used 42648K [0x0000000080000000, 0x0000000086b80000, 0x00000000d5580000)
  object space 110080K, 38% used [0x0000000080000000,0x00000000829a6280,0x0000000086b80000)
 Metaspace       used 72270K, capacity 75912K, committed 76208K, reserved 1116160K
  class space    used 9579K, capacity 10313K, committed 10416K, reserved 1048576K
GC Heap History (10 events):
Event: 35.509 GC heap before
{Heap before GC invocations=14 (full 2):
 PSYoungGen      total 170496K, used 20747K [0x00000000d5580000, 0x00000000e3080000, 0x0000000100000000)
  eden space 155648K, 3% used [0x00000000d5580000,0x00000000d5b43678,0x00000000ded80000)
  from space 14848K, 99% used [0x00000000ded80000,0x00000000dfbff968,0x00000000dfc00000)
  to   space 19968K, 0% used [0x00000000e1d00000,0x00000000e1d00000,0x00000000e3080000)
 ParOldGen       total 80384K, used 28107K [0x0000000080000000, 0x0000000084e80000, 0x00000000d5580000)
  object space 80384K, 34% used [0x0000000080000000,0x0000000081b72d68,0x0000000084e80000)
 Metaspace       used 56998K, capacity 59028K, committed 59160K, reserved 1099776K
  class space    used 7826K, capacity 8283K, committed 8368K, reserved 1048576K
Event: 35.520 GC heap after
Heap after GC invocations=14 (full 2):
 PSYoungGen      total 203776K, used 690K [0x00000000d5580000, 0x00000000e5480000, 0x0000000100000000)
  eden space 183808K, 0% used [0x00000000d5580000,0x00000000d5580000,0x00000000e0900000)
  from space 19968K, 3% used [0x00000000e1d00000,0x00000000e1dacb50,0x00000000e3080000)
  to   space 20480K, 0% used [0x00000000e0900000,0x00000000e0900000,0x00000000e1d00000)
 ParOldGen       total 80384K, used 36584K [0x0000000080000000, 0x0000000084e80000, 0x00000000d5580000)
  object space 80384K, 45% used [0x0000000080000000,0x00000000823ba158,0x0000000084e80000)
 Metaspace       used 56998K, capacity 59028K, committed 59160K, reserved 1099776K
  class space    used 7826K, capacity 8283K, committed 8368K, reserved 1048576K
}
Event: 35.520 GC heap before
{Heap before GC invocations=15 (full 3):
 PSYoungGen      total 203776K, used 690K [0x00000000d5580000, 0x00000000e5480000, 0x0000000100000000)
  eden space 183808K, 0% used [0x00000000d5580000,0x00000000d5580000,0x00000000e0900000)
  from space 19968K, 3% used [0x00000000e1d00000,0x00000000e1dacb50,0x00000000e3080000)
  to   space 20480K, 0% used [0x00000000e0900000,0x00000000e0900000,0x00000000e1d00000)
 ParOldGen       total 80384K, used 36584K [0x0000000080000000, 0x0000000084e80000, 0x00000000d5580000)
  object space 80384K, 45% used [0x0000000080000000,0x00000000823ba158,0x0000000084e80000)
 Metaspace       used 56998K, capacity 59028K, committed 59160K, reserved 1099776K
  class space    used 7826K, capacity 8283K, committed 8368K, reserved 1048576K
Event: 35.751 GC heap after
Heap after GC invocations=15 (full 3):
 PSYoungGen      total 203776K, used 0K [0x00000000d5580000, 0x00000000e5480000, 0x0000000100000000)
  eden space 183808K, 0% used [0x00000000d5580000,0x00000000d5580000,0x00000000e0900000)
  from space 19968K, 0% used [0x00000000e1d00000,0x00000000e1d00000,0x00000000e3080000)
  to   space 20480K, 0% used [0x00000000e0900000,0x00000000e0900000,0x00000000e1d00000)
 ParOldGen       total 110080K, used 28256K [0x0000000080000000, 0x0000000086b80000, 0x00000000d5580000)
  object space 110080K, 25% used [0x0000000080000000,0x0000000081b98240,0x0000000086b80000)
 Metaspace       used 56989K, capacity 58998K, committed 59160K, reserved 1099776K
  class space    used 7824K, capacity 8278K, committed 8368K, reserved 1048576K
}
Event: 44.435 GC heap before
{Heap before GC invocations=16 (full 3):
 PSYoungGen      total 203776K, used 183808K [0x00000000d5580000, 0x00000000e5480000, 0x0000000100000000)
  eden space 183808K, 100% used [0x00000000d5580000,0x00000000e0900000,0x00000000e0900000)
  from space 19968K, 0% used [0x00000000e1d00000,0x00000000e1d00000,0x00000000e3080000)
  to   space 20480K, 0% used [0x00000000e0900000,0x00000000e0900000,0x00000000e1d00000)
 ParOldGen       total 110080K, used 28256K [0x0000000080000000, 0x0000000086b80000, 0x00000000d5580000)
  object space 110080K, 25% used [0x0000000080000000,0x0000000081b98240,0x0000000086b80000)
 Metaspace       used 63310K, capacity 65934K, committed 66224K, reserved 1105920K
  class space    used 8760K, capacity 9318K, committed 9392K, reserved 1048576K
Event: 44.470 GC heap after
Heap after GC invocations=16 (full 3):
 PSYoungGen      total 204288K, used 15408K [0x00000000d5580000, 0x00000000e7b00000, 0x0000000100000000)
  eden space 183808K, 0% used [0x00000000d5580000,0x00000000d5580000,0x00000000e0900000)
  from space 20480K, 75% used [0x00000000e0900000,0x00000000e180c0f0,0x00000000e1d00000)
  to   space 22016K, 0% used [0x00000000e6580000,0x00000000e6580000,0x00000000e7b00000)
 ParOldGen       total 110080K, used 28264K [0x0000000080000000, 0x0000000086b80000, 0x00000000d5580000)
  object space 110080K, 25% used [0x0000000080000000,0x0000000081b9a240,0x0000000086b80000)
 Metaspace       used 63310K, capacity 65934K, committed 66224K, reserved 1105920K
  class space    used 8760K, capacity 9318K, committed 9392K, reserved 1048576K
}
Event: 332.590 GC heap before
{Heap before GC invocations=17 (full 3):
 PSYoungGen      total 204288K, used 199216K [0x00000000d5580000, 0x00000000e7b00000, 0x0000000100000000)
  eden space 183808K, 100% used [0x00000000d5580000,0x00000000e0900000,0x00000000e0900000)
  from space 20480K, 75% used [0x00000000e0900000,0x00000000e180c0f0,0x00000000e1d00000)
  to   space 22016K, 0% used [0x00000000e6580000,0x00000000e6580000,0x00000000e7b00000)
 ParOldGen       total 110080K, used 28264K [0x0000000080000000, 0x0000000086b80000, 0x00000000d5580000)
  object space 110080K, 25% used [0x0000000080000000,0x0000000081b9a240,0x0000000086b80000)
 Metaspace       used 70969K, capacity 74040K, committed 74160K, reserved 1114112K
  class space    used 9502K, capacity 10145K, committed 10160K, reserved 1048576K
Event: 332.616 GC heap after
Heap after GC invocations=17 (full 3):
 PSYoungGen      total 261120K, used 9750K [0x00000000d5580000, 0x00000000e7180000, 0x0000000100000000)
  eden space 248832K, 0% used [0x00000000d5580000,0x00000000d5580000,0x00000000e4880000)
  from space 12288K, 79% used [0x00000000e6580000,0x00000000e6f05888,0x00000000e7180000)
  to   space 20992K, 0% used [0x00000000e4880000,0x00000000e4880000,0x00000000e5d00000)
 ParOldGen       total 110080K, used 39452K [0x0000000080000000, 0x0000000086b80000, 0x00000000d5580000)
  object space 110080K, 35% used [0x0000000080000000,0x0000000082687230,0x0000000086b80000)
 Metaspace       used 70969K, capacity 74040K, committed 74160K, reserved 1114112K
  class space    used 9502K, capacity 10145K, committed 10160K, reserved 1048576K
}
Event: 763.516 GC heap before
{Heap before GC invocations=18 (full 3):
 PSYoungGen      total 261120K, used 258582K [0x00000000d5580000, 0x00000000e7180000, 0x0000000100000000)
  eden space 248832K, 100% used [0x00000000d5580000,0x00000000e4880000,0x00000000e4880000)
  from space 12288K, 79% used [0x00000000e6580000,0x00000000e6f05888,0x00000000e7180000)
  to   space 20992K, 0% used [0x00000000e4880000,0x00000000e4880000,0x00000000e5d00000)
 ParOldGen       total 110080K, used 39452K [0x0000000080000000, 0x0000000086b80000, 0x00000000d5580000)
  object space 110080K, 35% used [0x0000000080000000,0x0000000082687230,0x0000000086b80000)
 Metaspace       used 72257K, capacity 75830K, committed 75952K, reserved 1114112K
  class space    used 9577K, capacity 10310K, committed 10416K, reserved 1048576K
Event: 763.529 GC heap after
Heap after GC invocations=18 (full 3):
 PSYoungGen      total 269824K, used 1024K [0x00000000d5580000, 0x00000000e7180000, 0x0000000100000000)
  eden space 248832K, 0% used [0x00000000d5580000,0x00000000d5580000,0x00000000e4880000)
  from space 20992K, 4% used [0x00000000e4880000,0x00000000e4980000,0x00000000e5d00000)
  to   space 12288K, 0% used [0x00000000e6580000,0x00000000e6580000,0x00000000e7180000)
 ParOldGen       total 110080K, used 42648K [0x0000000080000000, 0x0000000086b80000, 0x00000000d5580000)
  object space 110080K, 38% used [0x0000000080000000,0x00000000829a6280,0x0000000086b80000)
 Metaspace       used 72257K, capacity 75830K, committed 75952K, reserved 1114112K
  class space    used 9577K, capacity 10310K, committed 10416K, reserved 1048576K
}

