# JRE version: OpenJDK Runtime Environment (8.0_242-b01) (build 1.8.0_242-release-1644-b01)
# Java VM: OpenJDK 64-Bit Server VM (25.242-b01 mixed mode windows-amd64 compressed oops)
Heap:
 PSYoungGen      total 424448K, used 30428K [0x00000000d5580000, 0x00000000f2d80000, 0x0000000100000000)
  eden space 409088K, 3% used [0x00000000d5580000,0x00000000d643db30,0x00000000ee500000)
  from space 15360K, 99% used [0x00000000f1e80000,0x00000000f2d797a8,0x00000000f2d80000)
  to   space 24064K, 0% used [0x00000000efe80000,0x00000000efe80000,0x00000000f1600000)
 ParOldGen       total 73728K, used 29444K [0x0000000080000000, 0x0000000084800000, 0x00000000d5580000)
  object space 73728K, 39% used [0x0000000080000000,0x0000000081cc10a8,0x0000000084800000)
 Metaspace       used 56801K, capacity 58814K, committed 58928K, reserved 1099776K
  class space    used 7785K, capacity 8240K, committed 8240K, reserved 1048576K
GC Heap History (10 events):
Event: 5.270 GC heap before
{Heap before GC invocations=6 (full 1):
 PSYoungGen      total 138240K, used 5088K [0x00000000d5580000, 0x00000000e7380000, 0x0000000100000000)
  eden space 133120K, 0% used [0x00000000d5580000,0x00000000d5580000,0x00000000dd780000)
  from space 5120K, 99% used [0x00000000dd780000,0x00000000ddc78050,0x00000000ddc80000)
  to   space 13312K, 0% used [0x00000000e6680000,0x00000000e6680000,0x00000000e7380000)
 ParOldGen       total 87552K, used 11286K [0x0000000080000000, 0x0000000085580000, 0x00000000d5580000)
  object space 87552K, 12% used [0x0000000080000000,0x0000000080b059a0,0x0000000085580000)
 Metaspace       used 20675K, capacity 21260K, committed 21296K, reserved 1067008K
  class space    used 2892K, capacity 3116K, committed 3120K, reserved 1048576K
Event: 5.311 GC heap after
Heap after GC invocations=6 (full 1):
 PSYoungGen      total 138240K, used 0K [0x00000000d5580000, 0x00000000e7380000, 0x0000000100000000)
  eden space 133120K, 0% used [0x00000000d5580000,0x00000000d5580000,0x00000000dd780000)
  from space 5120K, 0% used [0x00000000dd780000,0x00000000dd780000,0x00000000ddc80000)
  to   space 13312K, 0% used [0x00000000e6680000,0x00000000e6680000,0x00000000e7380000)
 ParOldGen       total 52224K, used 7142K [0x0000000080000000, 0x0000000083300000, 0x00000000d5580000)
  object space 52224K, 13% used [0x0000000080000000,0x00000000806f99a8,0x0000000083300000)
 Metaspace       used 20675K, capacity 21260K, committed 21296K, reserved 1067008K
  class space    used 2892K, capacity 3116K, committed 3120K, reserved 1048576K
}
Event: 8.182 GC heap before
{Heap before GC invocations=7 (full 1):
 PSYoungGen      total 138240K, used 133120K [0x00000000d5580000, 0x00000000e7380000, 0x0000000100000000)
  eden space 133120K, 100% used [0x00000000d5580000,0x00000000dd780000,0x00000000dd780000)
  from space 5120K, 0% used [0x00000000dd780000,0x00000000dd780000,0x00000000ddc80000)
  to   space 13312K, 0% used [0x00000000e6680000,0x00000000e6680000,0x00000000e7380000)
 ParOldGen       total 52224K, used 7142K [0x0000000080000000, 0x0000000083300000, 0x00000000d5580000)
  object space 52224K, 13% used [0x0000000080000000,0x00000000806f99a8,0x0000000083300000)
 Metaspace       used 32358K, capacity 33176K, committed 33456K, reserved 1077248K
  class space    used 4414K, capacity 4673K, committed 4784K, reserved 1048576K
Event: 8.205 GC heap after
Heap after GC invocations=7 (full 1):
 PSYoungGen      total 260096K, used 13281K [0x00000000d5580000, 0x00000000e7380000, 0x0000000100000000)
  eden space 246784K, 0% used [0x00000000d5580000,0x00000000d5580000,0x00000000e4680000)
  from space 13312K, 99% used [0x00000000e6680000,0x00000000e7378498,0x00000000e7380000)
  to   space 15872K, 0% used [0x00000000e5480000,0x00000000e5480000,0x00000000e6400000)
 ParOldGen       total 52224K, used 7213K [0x0000000080000000, 0x0000000083300000, 0x00000000d5580000)
  object space 52224K, 13% used [0x0000000080000000,0x000000008070b4b8,0x0000000083300000)
 Metaspace       used 32358K, capacity 33176K, committed 33456K, reserved 1077248K
  class space    used 4414K, capacity 4673K, committed 4784K, reserved 1048576K
}
Event: 9.221 GC heap before
{Heap before GC invocations=8 (full 1):
 PSYoungGen      total 260096K, used 63503K [0x00000000d5580000, 0x00000000e7380000, 0x0000000100000000)
  eden space 246784K, 20% used [0x00000000d5580000,0x00000000d868b768,0x00000000e4680000)
  from space 13312K, 99% used [0x00000000e6680000,0x00000000e7378498,0x00000000e7380000)
  to   space 15872K, 0% used [0x00000000e5480000,0x00000000e5480000,0x00000000e6400000)
 ParOldGen       total 52224K, used 7213K [0x0000000080000000, 0x0000000083300000, 0x00000000d5580000)
  object space 52224K, 13% used [0x0000000080000000,0x000000008070b4b8,0x0000000083300000)
 Metaspace       used 34534K, capacity 35430K, committed 35496K, reserved 1079296K
  class space    used 4737K, capacity 5002K, committed 5040K, reserved 1048576K
Event: 9.243 GC heap after
Heap after GC invocations=8 (full 1):
 PSYoungGen      total 276992K, used 8515K [0x00000000d5580000, 0x00000000f2d80000, 0x0000000100000000)
  eden space 261120K, 0% used [0x00000000d5580000,0x00000000d5580000,0x00000000e5480000)
  from space 15872K, 53% used [0x00000000e5480000,0x00000000e5cd0fa8,0x00000000e6400000)
  to   space 15360K, 0% used [0x00000000f1e80000,0x00000000f1e80000,0x00000000f2d80000)
 ParOldGen       total 52224K, used 7221K [0x0000000080000000, 0x0000000083300000, 0x00000000d5580000)
  object space 52224K, 13% used [0x0000000080000000,0x000000008070d4b8,0x0000000083300000)
 Metaspace       used 34534K, capacity 35430K, committed 35496K, reserved 1079296K
  class space    used 4737K, capacity 5002K, committed 5040K, reserved 1048576K
}
Event: 9.243 GC heap before
{Heap before GC invocations=9 (full 2):
 PSYoungGen      total 276992K, used 8515K [0x00000000d5580000, 0x00000000f2d80000, 0x0000000100000000)
  eden space 261120K, 0% used [0x00000000d5580000,0x00000000d5580000,0x00000000e5480000)
  from space 15872K, 53% used [0x00000000e5480000,0x00000000e5cd0fa8,0x00000000e6400000)
  to   space 15360K, 0% used [0x00000000f1e80000,0x00000000f1e80000,0x00000000f2d80000)
 ParOldGen       total 52224K, used 7221K [0x0000000080000000, 0x0000000083300000, 0x00000000d5580000)
  object space 52224K, 13% used [0x0000000080000000,0x000000008070d4b8,0x0000000083300000)
 Metaspace       used 34534K, capacity 35430K, committed 35496K, reserved 1079296K
  class space    used 4737K, capacity 5002K, committed 5040K, reserved 1048576K
Event: 9.397 GC heap after
Heap after GC invocations=9 (full 2):
 PSYoungGen      total 276992K, used 0K [0x00000000d5580000, 0x00000000f2d80000, 0x0000000100000000)
  eden space 261120K, 0% used [0x00000000d5580000,0x00000000d5580000,0x00000000e5480000)
  from space 15872K, 0% used [0x00000000e5480000,0x00000000e5480000,0x00000000e6400000)
  to   space 15360K, 0% used [0x00000000f1e80000,0x00000000f1e80000,0x00000000f2d80000)
 ParOldGen       total 73728K, used 14920K [0x0000000080000000, 0x0000000084800000, 0x00000000d5580000)
  object space 73728K, 20% used [0x0000000080000000,0x0000000080e921a0,0x0000000084800000)
 Metaspace       used 34534K, capacity 35430K, committed 35496K, reserved 1079296K
  class space    used 4737K, capacity 5002K, committed 5040K, reserved 1048576K
}
Event: 19.829 GC heap before
{Heap before GC invocations=10 (full 2):
 PSYoungGen      total 276992K, used 261120K [0x00000000d5580000, 0x00000000f2d80000, 0x0000000100000000)
  eden space 261120K, 100% used [0x00000000d5580000,0x00000000e5480000,0x00000000e5480000)
  from space 15872K, 0% used [0x00000000e5480000,0x00000000e5480000,0x00000000e6400000)
  to   space 15360K, 0% used [0x00000000f1e80000,0x00000000f1e80000,0x00000000f2d80000)
 ParOldGen       total 73728K, used 14920K [0x0000000080000000, 0x0000000084800000, 0x00000000d5580000)
  object space 73728K, 20% used [0x0000000080000000,0x0000000080e921a0,0x0000000084800000)
 Metaspace       used 56185K, capacity 58152K, committed 58416K, reserved 1099776K
  class space    used 7702K, capacity 8161K, committed 8240K, reserved 1048576K
Event: 19.867 GC heap after
Heap after GC invocations=10 (full 2):
 PSYoungGen      total 424448K, used 15333K [0x00000000d5580000, 0x00000000f2d80000, 0x0000000100000000)
  eden space 409088K, 0% used [0x00000000d5580000,0x00000000d5580000,0x00000000ee500000)
  from space 15360K, 99% used [0x00000000f1e80000,0x00000000f2d797a8,0x00000000f2d80000)
  to   space 24064K, 0% used [0x00000000efe80000,0x00000000efe80000,0x00000000f1600000)
 ParOldGen       total 73728K, used 29444K [0x0000000080000000, 0x0000000084800000, 0x00000000d5580000)
  object space 73728K, 39% used [0x0000000080000000,0x0000000081cc10a8,0x0000000084800000)
 Metaspace       used 56185K, capacity 58152K, committed 58416K, reserved 1099776K
  class space    used 7702K, capacity 8161K, committed 8240K, reserved 1048576K
}

